0 info it worked if it ends with ok
1 verbose cli [ '/usr/local/bin/node',
1 verbose cli   '/usr/local/bin/npm',
1 verbose cli   'install',
1 verbose cli   'npm@latest',
1 verbose cli   '-g' ]
2 info using npm@3.10.10
3 info using node@v6.11.4
4 silly loadCurrentTree Starting
5 silly install loadCurrentTree
6 silly install readGlobalPackageData
7 silly fetchPackageMetaData npm@latest
8 silly fetchNamedPackageData npm
9 silly mapToRegistry name npm
10 silly mapToRegistry using default registry
11 silly mapToRegistry registry https://registry.npmjs.org/
12 silly mapToRegistry data Result {
12 silly mapToRegistry   raw: 'npm',
12 silly mapToRegistry   scope: null,
12 silly mapToRegistry   escapedName: 'npm',
12 silly mapToRegistry   name: 'npm',
12 silly mapToRegistry   rawSpec: '',
12 silly mapToRegistry   spec: 'latest',
12 silly mapToRegistry   type: 'tag' }
13 silly mapToRegistry uri https://registry.npmjs.org/npm
14 verbose request uri https://registry.npmjs.org/npm
15 verbose request no auth needed
16 info attempt registry request try #1 at 12:29:55 PM
17 verbose request id a190e1be697fe889
18 http request GET https://registry.npmjs.org/npm
19 info retry will retry, error on last attempt: Error: tunneling socket could not be established, cause=write EPROTO 140736033395648:error:140770FC:SSL routines:SSL23_GET_SERVER_HELLO:unknown protocol:../deps/openssl/openssl/ssl/s23_clnt.c:797:
20 info attempt registry request try #2 at 12:30:05 PM
21 http request GET https://registry.npmjs.org/npm
22 info retry will retry, error on last attempt: Error: tunneling socket could not be established, cause=write EPROTO 140736033395648:error:140770FC:SSL routines:SSL23_GET_SERVER_HELLO:unknown protocol:../deps/openssl/openssl/ssl/s23_clnt.c:797:
23 info attempt registry request try #3 at 12:31:05 PM
24 http request GET https://registry.npmjs.org/npm
25 silly fetchPackageMetaData Error: tunneling socket could not be established, cause=write EPROTO 140736033395648:error:140770FC:SSL routines:SSL23_GET_SERVER_HELLO:unknown protocol:../deps/openssl/openssl/ssl/s23_clnt.c:797:
25 silly fetchPackageMetaData
25 silly fetchPackageMetaData     at ClientRequest.onError (/usr/local/lib/node_modules/npm/node_modules/request/node_modules/tunnel-agent/index.js:176:17)
25 silly fetchPackageMetaData     at ClientRequest.g (events.js:292:16)
25 silly fetchPackageMetaData     at emitOne (events.js:96:13)
25 silly fetchPackageMetaData     at ClientRequest.emit (events.js:188:7)
25 silly fetchPackageMetaData     at TLSSocket.socketErrorListener (_http_client.js:310:9)
25 silly fetchPackageMetaData     at emitOne (events.js:96:13)
25 silly fetchPackageMetaData     at TLSSocket.emit (events.js:188:7)
25 silly fetchPackageMetaData     at onwriteError (_stream_writable.js:345:10)
25 silly fetchPackageMetaData     at onwrite (_stream_writable.js:363:5)
25 silly fetchPackageMetaData     at WritableState.onwrite (_stream_writable.js:90:5)
25 silly fetchPackageMetaData  error for npm@latest { Error: tunneling socket could not be established, cause=write EPROTO 140736033395648:error:140770FC:SSL routines:SSL23_GET_SERVER_HELLO:unknown protocol:../deps/openssl/openssl/ssl/s23_clnt.c:797:
25 silly fetchPackageMetaData
25 silly fetchPackageMetaData     at ClientRequest.onError (/usr/local/lib/node_modules/npm/node_modules/request/node_modules/tunnel-agent/index.js:176:17)
25 silly fetchPackageMetaData     at ClientRequest.g (events.js:292:16)
25 silly fetchPackageMetaData     at emitOne (events.js:96:13)
25 silly fetchPackageMetaData     at ClientRequest.emit (events.js:188:7)
25 silly fetchPackageMetaData     at TLSSocket.socketErrorListener (_http_client.js:310:9)
25 silly fetchPackageMetaData     at emitOne (events.js:96:13)
25 silly fetchPackageMetaData     at TLSSocket.emit (events.js:188:7)
25 silly fetchPackageMetaData     at onwriteError (_stream_writable.js:345:10)
25 silly fetchPackageMetaData     at onwrite (_stream_writable.js:363:5)
25 silly fetchPackageMetaData     at WritableState.onwrite (_stream_writable.js:90:5) code: 'ECONNRESET' }
26 silly rollbackFailedOptional Starting
27 silly rollbackFailedOptional Finishing
28 silly runTopLevelLifecycles Finishing
29 silly install printInstalled
30 verbose stack Error: tunneling socket could not be established, cause=write EPROTO 140736033395648:error:140770FC:SSL routines:SSL23_GET_SERVER_HELLO:unknown protocol:../deps/openssl/openssl/ssl/s23_clnt.c:797:
30 verbose stack
30 verbose stack     at ClientRequest.onError (/usr/local/lib/node_modules/npm/node_modules/request/node_modules/tunnel-agent/index.js:176:17)
30 verbose stack     at ClientRequest.g (events.js:292:16)
30 verbose stack     at emitOne (events.js:96:13)
30 verbose stack     at ClientRequest.emit (events.js:188:7)
30 verbose stack     at TLSSocket.socketErrorListener (_http_client.js:310:9)
30 verbose stack     at emitOne (events.js:96:13)
30 verbose stack     at TLSSocket.emit (events.js:188:7)
30 verbose stack     at onwriteError (_stream_writable.js:345:10)
30 verbose stack     at onwrite (_stream_writable.js:363:5)
30 verbose stack     at WritableState.onwrite (_stream_writable.js:90:5)
31 verbose cwd /Users/rm38260/Documents/GitHub/hello-world
32 error Darwin 16.7.0
33 error argv "/usr/local/bin/node" "/usr/local/bin/npm" "install" "npm@latest" "-g"
34 error node v6.11.4
35 error npm  v3.10.10
36 error code ECONNRESET
37 error network tunneling socket could not be established, cause=write EPROTO 140736033395648:error:140770FC:SSL routines:SSL23_GET_SERVER_HELLO:unknown protocol:../deps/openssl/openssl/ssl/s23_clnt.c:797:
38 error network This is most likely not a problem with npm itself
38 error network and is related to network connectivity.
38 error network In most cases you are behind a proxy or have bad network settings.
38 error network
38 error network If you are behind a proxy, please make sure that the
38 error network 'proxy' config is set properly.  See: 'npm help config'
39 verbose exit [ 1, true ]
